running egg_info
creating ../../build/encoder_pkg/encoder_pkg.egg-info
writing ../../build/encoder_pkg/encoder_pkg.egg-info/PKG-INFO
writing dependency_links to ../../build/encoder_pkg/encoder_pkg.egg-info/dependency_links.txt
writing entry points to ../../build/encoder_pkg/encoder_pkg.egg-info/entry_points.txt
writing requirements to ../../build/encoder_pkg/encoder_pkg.egg-info/requires.txt
writing top-level names to ../../build/encoder_pkg/encoder_pkg.egg-info/top_level.txt
writing manifest file '../../build/encoder_pkg/encoder_pkg.egg-info/SOURCES.txt'
reading manifest file '../../build/encoder_pkg/encoder_pkg.egg-info/SOURCES.txt'
writing manifest file '../../build/encoder_pkg/encoder_pkg.egg-info/SOURCES.txt'
running build
running build_py
creating /home/min/my-ros2-project/ros2_study/build/encoder_pkg/build
creating /home/min/my-ros2-project/ros2_study/build/encoder_pkg/build/lib
creating /home/min/my-ros2-project/ros2_study/build/encoder_pkg/build/lib/encoder_pkg
copying encoder_pkg/encoder_publisher.py -> /home/min/my-ros2-project/ros2_study/build/encoder_pkg/build/lib/encoder_pkg
copying encoder_pkg/__init__.py -> /home/min/my-ros2-project/ros2_study/build/encoder_pkg/build/lib/encoder_pkg
running install
running install_lib
creating /home/min/my-ros2-project/ros2_study/install/encoder_pkg/lib/python3.12/site-packages/encoder_pkg
copying /home/min/my-ros2-project/ros2_study/build/encoder_pkg/build/lib/encoder_pkg/encoder_publisher.py -> /home/min/my-ros2-project/ros2_study/install/encoder_pkg/lib/python3.12/site-packages/encoder_pkg
copying /home/min/my-ros2-project/ros2_study/build/encoder_pkg/build/lib/encoder_pkg/__init__.py -> /home/min/my-ros2-project/ros2_study/install/encoder_pkg/lib/python3.12/site-packages/encoder_pkg
byte-compiling /home/min/my-ros2-project/ros2_study/install/encoder_pkg/lib/python3.12/site-packages/encoder_pkg/encoder_publisher.py to encoder_publisher.cpython-312.pyc
byte-compiling /home/min/my-ros2-project/ros2_study/install/encoder_pkg/lib/python3.12/site-packages/encoder_pkg/__init__.py to __init__.cpython-312.pyc
running install_data
creating /home/min/my-ros2-project/ros2_study/install/encoder_pkg/share/ament_index
creating /home/min/my-ros2-project/ros2_study/install/encoder_pkg/share/ament_index/resource_index
creating /home/min/my-ros2-project/ros2_study/install/encoder_pkg/share/ament_index/resource_index/packages
copying resource/encoder_pkg -> /home/min/my-ros2-project/ros2_study/install/encoder_pkg/share/ament_index/resource_index/packages
copying package.xml -> /home/min/my-ros2-project/ros2_study/install/encoder_pkg/share/encoder_pkg
running install_egg_info
Copying ../../build/encoder_pkg/encoder_pkg.egg-info to /home/min/my-ros2-project/ros2_study/install/encoder_pkg/lib/python3.12/site-packages/encoder_pkg-0.0.0-py3.12.egg-info
running install_scripts
Installing encoder_pub script to /home/min/my-ros2-project/ros2_study/install/encoder_pkg/lib/encoder_pkg
writing list of installed files to '/home/min/my-ros2-project/ros2_study/build/encoder_pkg/install.log'
